<?xml version="1.0" encoding="UTF-8"?>
<!-- Generated by org.testng.reporters.JUnitReportReporter -->
<testsuite hostname="DESKTOP-6TDMLL8" failures="0" tests="1" name="TestCases.TestCase1" time="5.626" errors="0" timestamp="2021-05-18T17:08:44 IST" skipped="0">
  <testcase classname="TestCases.TestCase1" name="guruTEstcase1" time="5.626"/>
  <system-out/>
</testsuite> <!-- TestCases.TestCase1 -->
