<?xml version="1.0" encoding="UTF-8"?>
<!-- Generated by org.testng.reporters.JUnitReportReporter -->
<testsuite hostname="DESKTOP-6TDMLL8" failures="0" tests="1" name="TestCases.TestCase2" time="6.415" errors="0" timestamp="2021-05-19T13:02:41 IST" skipped="0">
  <testcase classname="TestCases.TestCase2" name="guruTEstcase1" time="6.415"/>
  <system-out/>
</testsuite> <!-- TestCases.TestCase2 -->
