<?xml version="1.0" encoding="UTF-8"?>
<!-- Generated by org.testng.reporters.JUnitReportReporter -->
<testsuite hostname="DESKTOP-6TDMLL8" failures="0" tests="1" name="TestCases.HomePage" time="0.010" errors="0" timestamp="2021-05-17T14:25:52 IST" skipped="0">
  <testcase classname="TestCases.HomePage" name="test1" time="0.010"/>
  <system-out/>
</testsuite> <!-- TestCases.HomePage -->
