<?xml version="1.0" encoding="UTF-8"?>
<!-- Generated by org.testng.reporters.JUnitReportReporter -->
<testsuite hostname="DESKTOP-6TDMLL8" failures="0" tests="1" name="TestCases.TestCase3" time="9.562" errors="0" timestamp="2021-05-19T17:03:32 IST" skipped="0">
  <testcase classname="TestCases.TestCase3" name="guruTEstcase1" time="9.562"/>
  <system-out/>
</testsuite> <!-- TestCases.TestCase3 -->
